Get:1 http://security.debian.org wheezy/updates Release.gpg [1571 B]
Get:2 http://security.debian.org wheezy/updates Release [102 kB]
Get:3 http://security.debian.org wheezy/updates/main amd64 Packages [384 kB]
Get:4 http://http.debian.net wheezy Release.gpg [2390 B]
Get:5 http://http.debian.net wheezy-updates Release.gpg [1571 B]
Get:6 http://http.debian.net wheezy Release [168 kB]
Get:7 http://http.debian.net wheezy-updates Release [124 kB]
Get:8 http://http.debian.net wheezy/main amd64 Packages [7625 kB]
Get:9 http://http.debian.net wheezy-updates/main amd64 Packages [5722 B]
Fetched 8415 kB in 3s (2518 kB/s)
Reading package lists...
Reading package lists...
Building dependency tree...
Reading state information...
Suggested packages:
  zip
The following NEW packages will be installed:
  unzip
0 upgraded, 1 newly installed, 0 to remove and 29 not upgraded.
Need to get 195 kB of archives.
After this operation, 386 kB of additional disk space will be used.
Get:1 http://security.debian.org/ wheezy/updates/main unzip amd64 6.0-8+deb7u2 [195 kB]
Fetched 195 kB in 0s (652 kB/s)
Selecting previously unselected package unzip.
(Reading database ... 28944 files and directories currently installed.)
Unpacking unzip (from .../unzip_6.0-8+deb7u2_amd64.deb) ...
Processing triggers for mime-support ...
Setting up unzip (6.0-8+deb7u2) ...
Archive:  images.zip
   creating: images/
  inflating: images/2614             
  inflating: images/2615             
  inflating: images/2616             
  inflating: images/2617             
  inflating: images/2618             
  inflating: images/2619             
  inflating: images/2620             
  inflating: images/2621             
  inflating: images/2622             
  inflating: images/2623             
  inflating: images/2624             
  inflating: images/2625             
  inflating: images/2626             
  inflating: images/2627             
  inflating: images/2628             
  inflating: images/2629             
  inflating: images/2630             
  inflating: images/2631             
  inflating: images/2632             
  inflating: images/2633             
  inflating: images/2634             
  inflating: images/2635             
  inflating: images/2636             
  inflating: images/2637             
  inflating: images/2638             
  inflating: images/2639             
  inflating: images/2640             
  inflating: images/2641             
  inflating: images/2642             
  inflating: images/2643             
  inflating: images/2644             
  inflating: images/2645             
  inflating: images/2646             
  inflating: images/2647             
  inflating: images/2648             
  inflating: images/2649             
  inflating: images/2650             
  inflating: images/2651             
  inflating: images/2652             
  inflating: images/2653             
  inflating: images/2654             
  inflating: images/2655             
  inflating: images/2656             
  inflating: images/2657             
  inflating: images/2658             
  inflating: images/2659             
  inflating: images/2660             
  inflating: images/2661             
  inflating: images/2662             
  inflating: images/2663             
  inflating: images/2664             
  inflating: images/2665             
  inflating: images/2666             
  inflating: images/2667             
  inflating: images/2668             
  inflating: images/2669             
  inflating: images/2670             
  inflating: images/2671             
  inflating: images/2672             
  inflating: images/2673             
  inflating: images/2674             
  inflating: images/2675             
  inflating: images/2676             
  inflating: images/2677             
  inflating: images/2678             
  inflating: images/2679             
  inflating: images/2680             
  inflating: images/2681             
  inflating: images/2682             
  inflating: images/2683             
  inflating: images/2684             
  inflating: images/2685             
  inflating: images/2686             
  inflating: images/2687             
  inflating: images/2688             
  inflating: images/2689             
  inflating: images/2690             
  inflating: images/2691             
  inflating: images/2692             
  inflating: images/2693             
  inflating: images/2694             
  inflating: images/2695             
  inflating: images/2696             
  inflating: images/2697             
  inflating: images/2698             
  inflating: images/2699             
  inflating: images/2700             
  inflating: images/2701             
  inflating: images/2702             
  inflating: images/2703             
  inflating: images/2704             
  inflating: images/2705             
  inflating: images/2706             
  inflating: images/2707             
  inflating: images/2708             
  inflating: images/2709             
  inflating: images/2710             
  inflating: images/2711             
  inflating: images/2712             
  inflating: images/2713             
  inflating: images/2714             
  inflating: images/2715             
  inflating: images/2716             
  inflating: images/2717             
  inflating: images/2718             
  inflating: images/2719             
  inflating: images/2720             
  inflating: images/2721             
  inflating: images/2722             
  inflating: images/2723             
  inflating: images/2724             
  inflating: images/2725             
  inflating: images/2726             
  inflating: images/2727             
  inflating: images/2728             
  inflating: images/2729             
  inflating: images/2730             
  inflating: images/2731             
  inflating: images/2732             
  inflating: images/2733             
  inflating: images/2734             
  inflating: images/2736             
  inflating: images/2737             
  inflating: images/2738             
  inflating: images/2739             
  inflating: images/2740             
  inflating: images/2741             
  inflating: images/2742             
  inflating: images/2743             
  inflating: images/2744             
  inflating: images/2745             
  inflating: images/2746             
  inflating: images/2747             
  inflating: images/2748             
  inflating: images/2749             
  inflating: images/2750             
  inflating: images/2751             
  inflating: images/2752             
  inflating: images/2753             
  inflating: images/2754             
  inflating: images/2755             
  inflating: images/2756             
  inflating: images/2757             
  inflating: images/2758             
  inflating: images/2759             
  inflating: images/2760             
  inflating: images/2761             
  inflating: images/2762             
  inflating: images/2763             
  inflating: images/2764             
  inflating: images/2765             
  inflating: images/2766             
  inflating: images/2767             
  inflating: images/2768             
  inflating: images/2769             
  inflating: images/2770             
  inflating: images/2771             
  inflating: images/2772             
  inflating: images/2773             
  inflating: images/2774             
  inflating: images/2775             
  inflating: images/2776             
  inflating: images/2777             
  inflating: images/2778             
  inflating: images/2779             
  inflating: images/2780             
  inflating: images/2781             
  inflating: images/2782             
  inflating: images/2783             
  inflating: images/2784             
  inflating: images/2785             
  inflating: images/2786             
  inflating: images/2787             
  inflating: images/2788             
  inflating: images/2789             
  inflating: images/2790             
  inflating: images/2791             
  inflating: images/2792             
  inflating: images/2793             
  inflating: images/2794             
  inflating: images/2795             
  inflating: images/2796             
  inflating: images/2797             
  inflating: images/2798             
  inflating: images/2799             
  inflating: images/2800             
  inflating: images/2801             
  inflating: images/2802             
  inflating: images/2803             
  inflating: images/2804             
  inflating: images/2805             
  inflating: images/2806             
  inflating: images/2807             
  inflating: images/2808             
  inflating: images/2809             
  inflating: images/2810             
  inflating: images/2811             
  inflating: images/2812             
  inflating: images/2813             
  inflating: images/2814             
  inflating: images/2815             
  inflating: images/2816             
  inflating: images/2817             
  inflating: images/2818             
  inflating: images/2819             
  inflating: images/2820             
  inflating: images/2821             
  inflating: images/2822             
  inflating: images/2823             
  inflating: images/2824             
  inflating: images/2825             
  inflating: images/2826             
  inflating: images/2827             
  inflating: images/2828             
  inflating: images/2830             
  inflating: images/2831             
  inflating: images/2832             
  inflating: images/2833             
  inflating: images/2834             
  inflating: images/2835             
  inflating: images/2836             
  inflating: images/2837             
  inflating: images/2838             
  inflating: images/2839             
  inflating: images/2840             
  inflating: images/2841             
  inflating: images/2843             
  inflating: images/2844             
  inflating: images/2845             
  inflating: images/2846             
  inflating: images/2847             
  inflating: images/2848             
  inflating: images/2849             
  inflating: images/2850             
  inflating: images/2851             
  inflating: images/2852             
  inflating: images/2853             
  inflating: images/2854             
  inflating: images/2855             
  inflating: images/2856             
  inflating: images/2857             
  inflating: images/2858             
  inflating: images/2859             
  inflating: images/2860             
  inflating: images/2861             
  inflating: images/2862             
  inflating: images/2863             
  inflating: images/2864             
  inflating: images/2865             
  inflating: images/2866             
  inflating: images/2867             
  inflating: images/2868             
  inflating: images/2869             
  inflating: images/2870             
  inflating: images/2871             
  inflating: images/2872             
  inflating: images/2873             
  inflating: images/2874             
  inflating: images/2875             
  inflating: images/2876             
  inflating: images/2877             
  inflating: images/2878             
  inflating: images/2879             
  inflating: images/2880             
  inflating: images/2881             
  inflating: images/2882             
  inflating: images/2883             
  inflating: images/2884             
  inflating: images/2885             
  inflating: images/2886             
  inflating: images/2887             
  inflating: images/2888             
  inflating: images/2889             
  inflating: images/2890             
  inflating: images/2891             
  inflating: images/2892             
  inflating: images/2893             
  inflating: images/2894             
  inflating: images/2895             
  inflating: images/2896             
  inflating: images/2897             
  inflating: images/2898             
  inflating: images/2899             
  inflating: images/2900             
  inflating: images/2901             
  inflating: images/2902             
  inflating: images/2903             
  inflating: images/2904             
  inflating: images/2905             
  inflating: images/2906             
  inflating: images/2907             
  inflating: images/2908             
  inflating: images/2910             
  inflating: images/2911             
  inflating: images/2912             
  inflating: images/2913             
  inflating: images/2914             
  inflating: images/2915             
  inflating: images/3272             
  inflating: images/3273             
  inflating: images/3274             
  inflating: images/3275             
  inflating: images/3276             
  inflating: images/3277             
  inflating: images/3278             
  inflating: images/3279             
  inflating: images/3280             
  inflating: images/3281             
  inflating: images/3282             
  inflating: images/3283             
  inflating: images/3284             
  inflating: images/3285             
  inflating: images/3286             
  inflating: images/3287             
  inflating: images/3288             
  inflating: images/3289             
  inflating: images/3290             
  inflating: images/3291             
  inflating: images/3292             
  inflating: images/3293             
  inflating: images/3294             
  inflating: images/3295             
  inflating: images/3296             
  inflating: images/3297             
  inflating: images/3298             
  inflating: images/3299             
  inflating: images/3300             
  inflating: images/3301             
  inflating: images/3302             
  inflating: images/3303             
  inflating: images/3304             
  inflating: images/3305             
  inflating: images/3306             
  inflating: images/3307             
  inflating: images/3308             
  inflating: images/3309             
  inflating: images/3310             
  inflating: images/3311             
  inflating: images/3312             
  inflating: images/3313             
  inflating: images/3314             
  inflating: images/3315             
  inflating: images/3316             
  inflating: images/3317             
  inflating: images/3318             
  inflating: images/3319             
  inflating: images/3320             
  inflating: images/3321             
  inflating: images/3322             
  inflating: images/3323             
  inflating: images/3324             
  inflating: images/3327             
  inflating: images/3328             
  inflating: images/3329             
  inflating: images/3330             
  inflating: images/3331             
  inflating: images/3332             
  inflating: images/3333             
  inflating: images/3334             
  inflating: images/3335             
  inflating: images/3336             
  inflating: images/3337             
  inflating: images/3338             
  inflating: images/3339             
  inflating: images/3340             
  inflating: images/3341             
  inflating: images/3342             
  inflating: images/3343             
  inflating: images/3344             
  inflating: images/3345             
  inflating: images/3346             
  inflating: images/3347             
  inflating: images/3348             
  inflating: images/3349             
  inflating: images/3350             
  inflating: images/3351             
  inflating: images/3352             
  inflating: images/3353             
  inflating: images/3354             
  inflating: images/3355             
  inflating: images/3356             
  inflating: images/3357             
  inflating: images/3358             
  inflating: images/3359             
  inflating: images/3360             
  inflating: images/3361             
  inflating: images/3362             
  inflating: images/3363             
  inflating: images/3364             
  inflating: images/3365             
  inflating: images/3366             
  inflating: images/3367             
  inflating: images/3368             
  inflating: images/3369             
  inflating: images/3370             
  inflating: images/3371             
  inflating: images/3372             
  inflating: images/3373             
  inflating: images/3374             
  inflating: images/3375             
  inflating: images/3376             
  inflating: images/3377             
  inflating: images/3378             
  inflating: images/3379             
  inflating: images/3380             
  inflating: images/3381             
  inflating: images/3382             
  inflating: images/3383             
  inflating: images/3384             
  inflating: images/3385             
  inflating: images/3386             
  inflating: images/3387             
  inflating: images/3388             
  inflating: images/3389             
  inflating: images/3390             
  inflating: images/3391             
  inflating: images/3392             
  inflating: images/3393             
  inflating: images/3394             
  inflating: images/3395             
  inflating: images/3396             
  inflating: images/3397             
  inflating: images/3398             
  inflating: images/3399             
  inflating: images/3400             
  inflating: images/3401             
  inflating: images/3402             
  inflating: images/3403             
  inflating: images/3404             
  inflating: images/3405             
  inflating: images/3406             
  inflating: images/3407             
  inflating: images/3408             
  inflating: images/3409             
  inflating: images/3410             
  inflating: images/3411             
  inflating: images/3412             
  inflating: images/3413             
  inflating: images/3414             
  inflating: images/3415             
  inflating: images/3416             
  inflating: images/3417             
  inflating: images/3419             
  inflating: images/3420             
  inflating: images/3421             
  inflating: images/3422             
  inflating: images/3423             
  inflating: images/3424             
  inflating: images/3425             
  inflating: images/3426             
  inflating: images/3427             
  inflating: images/3428             
  inflating: images/3429             
  inflating: images/3430             
  inflating: images/3431             
  inflating: images/3432             
  inflating: images/3433             
  inflating: images/3434             
  inflating: images/3435             
  inflating: images/3436             
  inflating: images/3437             
  inflating: images/3438             
  inflating: images/3439             
  inflating: images/3440             
  inflating: images/3441             
  inflating: images/3442             
  inflating: images/3443             
  inflating: images/3444             
  inflating: images/3445             
  inflating: images/3446             
  inflating: images/3447             
  inflating: images/3448             
  inflating: images/3449             
  inflating: images/3450             
  inflating: images/3451             
  inflating: images/3452             
  inflating: images/3453             
  inflating: images/3454             
  inflating: images/3455             
  inflating: images/3456             
  inflating: images/3457             
  inflating: images/3458             
  inflating: images/3459             
  inflating: images/3460             
  inflating: images/3461             
  inflating: images/3462             
  inflating: images/3463             
  inflating: images/3464             
  inflating: images/3465             
  inflating: images/3466             
  inflating: images/3467             
  inflating: images/3468             
  inflating: images/3469             
  inflating: images/3470             
  inflating: images/3471             
  inflating: images/3472             
  inflating: images/3473             
  inflating: images/3474             
  inflating: images/3475             
  inflating: images/3476             
  inflating: images/3477             
  inflating: images/3478             
  inflating: images/3479             
  inflating: images/3480             
  inflating: images/3481             
  inflating: images/3482             
  inflating: images/3483             
  inflating: images/3484             
  inflating: images/3485             
  inflating: images/3486             
  inflating: images/3487             
  inflating: images/3488             
  inflating: images/3489             
  inflating: images/3490             
  inflating: images/3491             
  inflating: images/3492             
  inflating: images/3493             
  inflating: images/3494             
  inflating: images/3495             
  inflating: images/3496             
  inflating: images/3497             
  inflating: images/3498             
  inflating: images/3499             
  inflating: images/3500             
  inflating: images/3501             
  inflating: images/3502             
  inflating: images/3503             
  inflating: images/3504             
  inflating: images/3505             
  inflating: images/3506             
  inflating: images/3507             
  inflating: images/3508             
  inflating: images/3509             
  inflating: images/3511             
  inflating: images/3512             
  inflating: images/3513             
  inflating: images/3514             
  inflating: images/3515             
  inflating: images/3516             
  inflating: images/3517             
  inflating: images/3518             
  inflating: images/3519             
  inflating: images/3520             
  inflating: images/3521             
  inflating: images/3522             
  inflating: images/3523             
  inflating: images/3524             
  inflating: images/3525             
  inflating: images/3526             
  inflating: images/3527             
  inflating: images/3528             
  inflating: images/3529             
  inflating: images/3530             
  inflating: images/3531             
  inflating: images/3532             
  inflating: images/3533             
  inflating: images/3534             
  inflating: images/3535             
  inflating: images/3536             
  inflating: images/3537             
  inflating: images/3538             
  inflating: images/3539             
  inflating: images/3540             
  inflating: images/3541             
  inflating: images/3542             
  inflating: images/3543             
  inflating: images/3544             
  inflating: images/3545             
  inflating: images/3885             
  inflating: images/3886             
  inflating: images/3887             
  inflating: images/3888             
  inflating: images/3889             
  inflating: images/3891             
  inflating: images/3892             
  inflating: images/3893             
  inflating: images/3894             
  inflating: images/3895             
  inflating: images/3896             
  inflating: images/3897             
  inflating: images/3898             
  inflating: images/3899             
  inflating: images/3902             
  inflating: images/3903             
  inflating: images/3905             
  inflating: images/3906             
  inflating: images/3907             
  inflating: images/3908             
  inflating: images/3909             
  inflating: images/3910             
  inflating: images/3911             
  inflating: images/3912             
  inflating: images/3913             
  inflating: images/3914             
  inflating: images/3915             
  inflating: images/3916             
  inflating: images/3917             
  inflating: images/3918             
  inflating: images/3919             
  inflating: images/3920             
  inflating: images/3921             
  inflating: images/3922             
  inflating: images/3923             
  inflating: images/3924             
  inflating: images/3925             
  inflating: images/3926             
  inflating: images/3927             
  inflating: images/3928             
  inflating: images/3929             
  inflating: images/3930             
  inflating: images/3931             
  inflating: images/3932             
  inflating: images/3933             
  inflating: images/3934             
  inflating: images/3935             
  inflating: images/3936             
  inflating: images/3937             
  inflating: images/3938             
  inflating: images/3939             
  inflating: images/3940             
  inflating: images/3941             
  inflating: images/3942             
  inflating: images/3943             
  inflating: images/3944             
  inflating: images/3945             
  inflating: images/3946             
  inflating: images/3947             
  inflating: images/3948             
  inflating: images/3949             
  inflating: images/3950             
  inflating: images/3951             
  inflating: images/3952             
  inflating: images/3953             
  inflating: images/3954             
  inflating: images/3955             
  inflating: images/3956             
  inflating: images/3957             
  inflating: images/3958             
  inflating: images/3959             
  inflating: images/3961             
  inflating: images/3962             
  inflating: images/3963             
  inflating: images/3964             
  inflating: images/3973             
  inflating: images/3974             
  inflating: images/3975             
  inflating: images/3976             
  inflating: images/3977             
  inflating: images/3978             
  inflating: images/3979             
  inflating: images/3980             
  inflating: images/3981             
  inflating: images/3982             
  inflating: images/3983             
  inflating: images/3984             
  inflating: images/3985             
  inflating: images/3986             
  inflating: images/3987             
  inflating: images/3989             
  inflating: images/3990             
  inflating: images/3991             
  inflating: images/3992             
  inflating: images/3993             
  inflating: images/3994             
  inflating: images/3995             
  inflating: images/3996             
  inflating: images/3997             
  inflating: images/3998             
  inflating: images/3999             
  inflating: images/4000             
  inflating: images/4001             
  inflating: images/4002             
  inflating: images/4003             
  inflating: images/4004             
  inflating: images/4005             
  inflating: images/4006             
  inflating: images/4007             
  inflating: images/4008             
  inflating: images/4009             
  inflating: images/4010             
  inflating: images/4011             
  inflating: images/4012             
  inflating: images/4013             
  inflating: images/4014             
  inflating: images/4015             
  inflating: images/4016             
  inflating: images/4017             
  inflating: images/4018             
  inflating: images/4019             
  inflating: images/4020             
  inflating: images/4021             
  inflating: images/4022             
  inflating: images/4023             
  inflating: images/4316             
  inflating: images/4317             
  inflating: images/4318             
  inflating: images/4319             
  inflating: images/4320             
  inflating: images/4321             
  inflating: images/4322             
  inflating: images/4323             
  inflating: images/4324             
  inflating: images/4325             
  inflating: images/4326             
  inflating: images/4327             
  inflating: images/4328             
  inflating: images/4329             
  inflating: images/4330             
  inflating: images/4331             
  inflating: images/4332             
  inflating: images/4333             
  inflating: images/4334             
  inflating: images/4335             
  inflating: images/4336             
  inflating: images/4337             
  inflating: images/4338             
  inflating: images/4339             
  inflating: images/4340             
  inflating: images/4341             
  inflating: images/4342             
  inflating: images/4343             
  inflating: images/4344             
  inflating: images/4345             
  inflating: images/4346             
  inflating: images/4347             
  inflating: images/4348             
  inflating: images/4349             
  inflating: images/4350             
  inflating: images/4351             
  inflating: images/4352             
  inflating: images/4353             
  inflating: images/4354             
  inflating: images/4355             
  inflating: images/4356             
  inflating: images/4357             
  inflating: images/4358             
  inflating: images/4359             
  inflating: images/4360             
  inflating: images/4361             
  inflating: images/4362             
  inflating: images/4363             
  inflating: images/4364             
  inflating: images/4365             
  inflating: images/4366             
  inflating: images/4367             
  inflating: images/4368             
  inflating: images/4369             
  inflating: images/4370             
  inflating: images/4371             
  inflating: images/4372             
  inflating: images/4373             
  inflating: images/4374             
  inflating: images/4375             
  inflating: images/4376             
  inflating: images/4377             
  inflating: images/4378             
  inflating: images/4379             
  inflating: images/4380             
  inflating: images/4381             
  inflating: images/4382             
  inflating: images/4383             
  inflating: images/4384             
  inflating: images/4385             
  inflating: images/4386             
  inflating: images/4387             
  inflating: images/4388             
  inflating: images/4389             
  inflating: images/4390             
  inflating: images/4391             
  inflating: images/4392             
  inflating: images/4393             
  inflating: images/4394             
  inflating: images/4395             
  inflating: images/4396             
  inflating: images/4397             
  inflating: images/4398             
  inflating: images/4399             
  inflating: images/4400             
  inflating: images/4401             
  inflating: images/4402             
  inflating: images/4404             
  inflating: images/4405             
  inflating: images/4406             
  inflating: images/4407             
  inflating: images/4408             
  inflating: images/4409             
  inflating: images/4410             
  inflating: images/4411             
  inflating: images/4412             
co@4.5.4 node_modules/co

underscore@1.8.3 node_modules/underscore

coffee-script@1.9.2 node_modules/coffee-script

rsvp@3.0.18 node_modules/rsvp

form-data@0.2.0 node_modules/form-data
├── async@0.9.0
├── mime-types@2.0.11 (mime-db@1.9.1)
└── combined-stream@0.0.7 (delayed-stream@0.0.5)

mysql@2.6.2 node_modules/mysql
├── require-all@1.0.0
├── bignumber.js@2.0.7
└── readable-stream@1.1.13 (isarray@0.0.1, inherits@2.0.1, string_decoder@0.10.31, core-util-is@1.0.1)

> photoIssue@1.0.0 start /app
> coffee --nodejs --harmony index.coffee

restaurant 4410 finished
restaurant 4412 finished
restaurant 4411 finished
restaurant 4408 finished
restaurant 4405 finished
restaurant 4406 finished
restaurant 4407 finished
restaurant 4401 finished
restaurant 4404 finished
restaurant 4399 finished
restaurant 4400 finished
restaurant 4409 finished
restaurant 4402 finished
restaurant 4398 finished
restaurant 4397 finished
restaurant 4395 finished
restaurant 4393 finished
restaurant 4390 finished
restaurant 4389 finished
restaurant 4396 finished
restaurant 4392 finished
restaurant 4388 finished
restaurant 4394 finished
restaurant 4391 finished
restaurant 4387 finished
restaurant 4384 finished
restaurant 4386 finished
restaurant 4380 finished
restaurant 4379 finished
restaurant 4385 finished
restaurant 4381 finished
restaurant 4378 finished
restaurant 4383 finished
restaurant 4377 finished
restaurant 4382 finished
restaurant 4375 finished
restaurant 4376 finished
restaurant 4374 finished
restaurant 4373 finished
restaurant 4371 finished
restaurant 4369 finished
restaurant 4372 finished
restaurant 4370 finished
restaurant 4368 finished
restaurant 4367 finished
restaurant 4365 finished
restaurant 4366 finished
restaurant 4364 finished
restaurant 4356 finished
restaurant 4355 finished
restaurant 4357 finished
restaurant 4363 finished
restaurant 4360 finished
restaurant 4362 finished
restaurant 4359 finished
restaurant 4358 finished
restaurant 4361 finished
restaurant 4352 finished
restaurant 4349 finished
restaurant 4350 finished
restaurant 4351 finished
restaurant 4354 finished
restaurant 4346 finished
restaurant 4353 finished
restaurant 4345 finished
restaurant 4347 finished
restaurant 4344 finished
restaurant 4348 finished
restaurant 4342 finished
restaurant 4343 finished
restaurant 4335 finished
restaurant 4341 finished
restaurant 4333 finished
restaurant 4332 finished
restaurant 4339 finished
restaurant 4334 finished
restaurant 4337 finished
restaurant 4338 finished
restaurant 4340 finished
restaurant 4336 finished
restaurant 4331 finished
restaurant 4324 finished
restaurant 4325 finished
restaurant 4323 finished
restaurant 4329 finished
restaurant 4327 finished
restaurant 4328 finished
restaurant 4330 finished
restaurant 4322 finished
restaurant 4321 finished
restaurant 4326 finished
restaurant 4318 finished
restaurant 4319 finished
restaurant 4317 finished
restaurant 4316 finished
restaurant 4320 finished
restaurant 4021 finished
restaurant 4019 finished
restaurant 4017 finished
restaurant 4023 finished
restaurant 4018 finished
restaurant 4022 finished
restaurant 4013 finished
restaurant 4012 finished
restaurant 4011 finished
restaurant 4009 finished
restaurant 4020 finished
restaurant 4015 finished
restaurant 4010 finished
restaurant 4014 finished
restaurant 4008 finished
restaurant 4007 finished
restaurant 4016 finished
restaurant 4003 finished
restaurant 4005 finished
restaurant 4001 finished
restaurant 4002 finished
restaurant 4004 finished
restaurant 4006 finished
restaurant 4000 finished
restaurant 3998 finished
restaurant 3997 finished
restaurant 3996 finished
restaurant 3995 finished
restaurant 3999 finished
restaurant 3994 finished
restaurant 3993 finished
restaurant 3985 finished
restaurant 3991 finished
restaurant 3984 finished
restaurant 3992 finished
restaurant 3989 finished
restaurant 3990 finished
restaurant 3983 finished
restaurant 3987 finished
restaurant 3986 finished
restaurant 3982 finished
restaurant 3981 finished
restaurant 3980 finished
restaurant 3974 finished
restaurant 3973 finished
restaurant 3979 finished
restaurant 3976 finished
restaurant 3964 finished
restaurant 3975 finished
restaurant 3978 finished
restaurant 3977 finished
restaurant 3957 finished
restaurant 3956 finished
restaurant 3961 finished
restaurant 3963 finished
restaurant 3952 finished
restaurant 3962 finished
restaurant 3953 finished
restaurant 3959 finished
restaurant 3951 finished
restaurant 3958 finished
restaurant 3954 finished
restaurant 3955 finished
restaurant 3948 finished
restaurant 3949 finished
restaurant 3945 finished
restaurant 3947 finished
restaurant 3950 finished
restaurant 3946 finished
restaurant 3944 finished
restaurant 3938 finished
restaurant 3937 finished
restaurant 3942 finished
restaurant 3939 finished
restaurant 3943 finished
restaurant 3936 finished
restaurant 3935 finished
restaurant 3941 finished
restaurant 3934 finished
restaurant 3940 finished
restaurant 3932 finished
restaurant 3933 finished
restaurant 3929 finished
restaurant 3931 finished
restaurant 3930 finished
restaurant 3928 finished
restaurant 3927 finished
restaurant 3926 finished
restaurant 3925 finished
restaurant 3924 finished
restaurant 3923 finished
restaurant 3922 finished
restaurant 3921 finished
restaurant 3920 finished
restaurant 3917 finished
restaurant 3918 finished
restaurant 3916 finished
restaurant 3919 finished
restaurant 3915 finished
restaurant 3914 finished
restaurant 3913 finished
restaurant 3912 finished
restaurant 3910 finished
restaurant 3911 finished
restaurant 3909 finished
restaurant 3906 finished
restaurant 3907 finished
restaurant 3902 finished
restaurant 3899 finished
restaurant 3908 finished
restaurant 3905 finished
restaurant 3903 finished
restaurant 3897 finished
restaurant 3898 finished
restaurant 3896 finished
restaurant 3895 finished
restaurant 3894 finished
restaurant 3893 finished
restaurant 3885 finished
restaurant 3887 finished
restaurant 3544 finished
restaurant 3888 finished
restaurant 3892 finished
restaurant 3545 finished
restaurant 3889 finished
restaurant 3886 finished
restaurant 3891 finished
restaurant 3541 finished
restaurant 3542 finished
restaurant 3543 finished
restaurant 3540 finished
restaurant 3533 finished
restaurant 3536 finished
restaurant 3535 finished
restaurant 3532 finished
restaurant 3539 finished
restaurant 3537 finished
restaurant 3534 finished
restaurant 3531 finished
restaurant 3538 finished
restaurant 3528 finished
restaurant 3527 finished
restaurant 3526 finished
restaurant 3523 finished
restaurant 3530 finished
restaurant 3525 finished
restaurant 3529 finished
restaurant 3522 finished
restaurant 3521 finished
restaurant 3519 finished
restaurant 3520 finished
restaurant 3517 finished
restaurant 3516 finished
restaurant 3524 finished
restaurant 3518 finished
restaurant 3512 finished
restaurant 3514 finished
restaurant 3509 finished
restaurant 3513 finished
restaurant 3515 finished
restaurant 3511 finished
restaurant 3508 finished
restaurant 3507 finished
restaurant 3506 finished
restaurant 3505 finished
restaurant 3503 finished
restaurant 3504 finished
restaurant 3502 finished
restaurant 3501 finished
restaurant 3500 finished
restaurant 3499 finished
restaurant 3498 finished
restaurant 3491 finished
restaurant 3496 finished
restaurant 3495 finished
restaurant 3493 finished
restaurant 3490 finished
restaurant 3492 finished
restaurant 3494 finished
restaurant 3488 finished
restaurant 3497 finished
restaurant 3487 finished
restaurant 3486 finished
restaurant 3489 finished
restaurant 3485 finished
restaurant 3484 finished
restaurant 3481 finished
restaurant 3482 finished
restaurant 3483 finished
restaurant 3478 finished
restaurant 3473 finished
restaurant 3475 finished
restaurant 3477 finished
restaurant 3476 finished
restaurant 3479 finished
restaurant 3474 finished
restaurant 3472 finished
restaurant 3480 finished
restaurant 3463 finished
restaurant 3464 finished
restaurant 3467 finished
restaurant 3470 finished
restaurant 3471 finished
restaurant 3468 finished
restaurant 3465 finished
restaurant 3469 finished
restaurant 3462 finished
restaurant 3459 finished
restaurant 3457 finished
restaurant 3458 finished
restaurant 3461 finished
restaurant 3456 finished
restaurant 3460 finished
restaurant 3454 finished
restaurant 3455 finished
restaurant 3453 finished
restaurant 3446 finished
restaurant 3444 finished
restaurant 3448 finished
restaurant 3447 finished
restaurant 3452 finished
restaurant 3451 finished
restaurant 3445 finished
restaurant 3449 finished
restaurant 3450 finished
restaurant 3443 finished
restaurant 3438 finished
restaurant 3435 finished
restaurant 3436 finished
restaurant 3434 finished
restaurant 3433 finished
restaurant 3437 finished
restaurant 3439 finished
restaurant 3432 finished
restaurant 3430 finished
restaurant 3441 finished
restaurant 3431 finished
restaurant 3442 finished
restaurant 3466 finished
restaurant 3440 finished
restaurant 3429 finished
restaurant 3428 finished
restaurant 3426 finished
restaurant 3427 finished
restaurant 3421 finished
restaurant 3423 finished
restaurant 3422 finished
restaurant 3425 finished
restaurant 3417 finished
restaurant 3424 finished
restaurant 3419 finished
restaurant 3416 finished
restaurant 3420 finished
restaurant 3411 finished
restaurant 3408 finished
restaurant 3414 finished
restaurant 3415 finished
restaurant 3407 finished
restaurant 3413 finished
restaurant 3409 finished
restaurant 3410 finished
restaurant 3412 finished
restaurant 3398 finished
restaurant 3406 finished
restaurant 3397 finished
restaurant 3402 finished
restaurant 3403 finished
restaurant 3405 finished
restaurant 3404 finished
restaurant 3396 finished
restaurant 3400 finished
restaurant 3399 finished
restaurant 3395 finished
restaurant 3401 finished
restaurant 3391 finished
restaurant 3390 finished
restaurant 3394 finished
restaurant 3393 finished
restaurant 3392 finished
restaurant 3385 finished
restaurant 3387 finished
restaurant 3389 finished
restaurant 3383 finished
restaurant 3386 finished
restaurant 3388 finished
restaurant 3381 finished
restaurant 3379 finished
restaurant 3384 finished
restaurant 3378 finished
restaurant 3382 finished
restaurant 3376 finished
restaurant 3377 finished
restaurant 3380 finished
restaurant 3375 finished
restaurant 3374 finished
restaurant 3373 finished
restaurant 3367 finished
restaurant 3371 finished
restaurant 3372 finished
restaurant 3369 finished
restaurant 3370 finished
restaurant 3368 finished
restaurant 3366 finished
restaurant 3363 finished
restaurant 3362 finished
restaurant 3360 finished
restaurant 3359 finished
restaurant 3364 finished
restaurant 3361 finished
restaurant 3358 finished
restaurant 3365 finished
restaurant 3357 finished
restaurant 3356 finished
restaurant 3354 finished
restaurant 3350 finished
restaurant 3351 finished
restaurant 3349 finished
restaurant 3355 finished
restaurant 3353 finished
restaurant 3352 finished
restaurant 3345 finished
restaurant 3348 finished
restaurant 3344 finished
restaurant 3347 finished
restaurant 3341 finished
restaurant 3338 finished
restaurant 3346 finished
restaurant 3337 finished
restaurant 3343 finished
restaurant 3336 finished
restaurant 3339 finished
restaurant 3342 finished
restaurant 3335 finished
restaurant 3331 finished
restaurant 3332 finished
restaurant 3334 finished
restaurant 3333 finished
restaurant 3329 finished
restaurant 3328 finished
restaurant 3330 finished
restaurant 3321 finished
restaurant 3327 finished
restaurant 3324 finished
restaurant 3316 finished
restaurant 3317 finished
restaurant 3323 finished
restaurant 3314 finished
restaurant 3320 finished
restaurant 3319 finished
restaurant 3318 finished
restaurant 3322 finished
restaurant 3315 finished
restaurant 3313 finished
restaurant 3310 finished
restaurant 3311 finished
restaurant 3307 finished
restaurant 3306 finished
restaurant 3308 finished
restaurant 3309 finished
restaurant 3312 finished
restaurant 3303 finished
restaurant 3305 finished
restaurant 3302 finished
restaurant 3304 finished
restaurant 3298 finished
restaurant 3300 finished
restaurant 3299 finished
restaurant 3340 finished
restaurant 3297 finished
restaurant 3296 finished
restaurant 3301 finished
restaurant 3293 finished
restaurant 3294 finished
restaurant 3295 finished
restaurant 3292 finished
restaurant 3290 finished
restaurant 3284 finished
restaurant 3285 finished
restaurant 3289 finished
restaurant 3283 finished
restaurant 3287 finished
restaurant 3286 finished
restaurant 3288 finished
restaurant 3291 finished
restaurant 3282 finished
restaurant 3280 finished
restaurant 3273 finished
restaurant 3274 finished
restaurant 3276 finished
restaurant 3275 finished
restaurant 3281 finished
restaurant 2915 finished
restaurant 3277 finished
restaurant 3278 finished
restaurant 3279 finished
restaurant 2912 finished
restaurant 2910 finished
restaurant 2913 finished
restaurant 3272 finished
restaurant 2906 finished
restaurant 2914 finished
restaurant 2908 finished
restaurant 2905 finished
restaurant 2911 finished
restaurant 2904 finished
restaurant 2907 finished
restaurant 2901 finished
restaurant 2899 finished
restaurant 2900 finished
restaurant 2903 finished
restaurant 2897 finished
restaurant 2902 finished
restaurant 2893 finished
restaurant 2896 finished
restaurant 2894 finished
restaurant 2891 finished
restaurant 2895 finished
restaurant 2898 finished
restaurant 2892 finished
restaurant 2889 finished
restaurant 2887 finished
restaurant 2886 finished
restaurant 2888 finished
restaurant 2885 finished
restaurant 2881 finished
restaurant 2882 finished
restaurant 2883 finished
restaurant 2890 finished
restaurant 2884 finished
restaurant 2879 finished
restaurant 2876 finished
restaurant 2877 finished
restaurant 2878 finished
restaurant 2880 finished
restaurant 2869 finished
restaurant 2867 finished
restaurant 2870 finished
restaurant 2875 finished
restaurant 2872 finished
restaurant 2873 finished
restaurant 2874 finished
restaurant 2868 finished
restaurant 2871 finished
restaurant 2865 finished
restaurant 2866 finished
restaurant 2862 finished
restaurant 2864 finished
restaurant 2863 finished
restaurant 2861 finished
restaurant 2859 finished
restaurant 2857 finished
restaurant 2852 finished
restaurant 2858 finished
restaurant 2851 finished
restaurant 2849 finished
restaurant 2860 finished
restaurant 2853 finished
restaurant 2850 finished
restaurant 2855 finished
restaurant 2854 finished
restaurant 2856 finished
restaurant 2847 finished
restaurant 2846 finished
restaurant 2845 finished
restaurant 2844 finished
restaurant 2848 finished
restaurant 2838 finished
restaurant 2839 finished
restaurant 2843 finished
restaurant 2836 finished
restaurant 2841 finished
restaurant 2837 finished
restaurant 2840 finished
restaurant 2834 finished
restaurant 2835 finished
restaurant 2833 finished
restaurant 2832 finished
restaurant 2828 finished
restaurant 2831 finished
restaurant 2827 finished
restaurant 2830 finished
restaurant 2826 finished
restaurant 2825 finished
restaurant 2820 finished
restaurant 2819 finished
restaurant 2824 finished
restaurant 2821 finished
restaurant 2822 finished
restaurant 2823 finished
restaurant 2816 finished
restaurant 2817 finished
restaurant 2812 finished
restaurant 2815 finished
restaurant 2813 finished
restaurant 2818 finished
restaurant 2811 finished
restaurant 2814 finished
restaurant 2809 finished
restaurant 2808 finished
restaurant 2810 finished
restaurant 2805 finished
restaurant 2803 finished
restaurant 2802 finished
restaurant 2806 finished
restaurant 2801 finished
restaurant 2800 finished
restaurant 2804 finished
restaurant 2799 finished
restaurant 2796 finished
restaurant 2798 finished
restaurant 2797 finished
restaurant 2794 finished
restaurant 2789 finished
restaurant 2786 finished
restaurant 2793 finished
restaurant 2795 finished
restaurant 2792 finished
restaurant 2791 finished
restaurant 2787 finished
restaurant 2790 finished
restaurant 2788 finished
restaurant 2778 finished
restaurant 2783 finished
restaurant 2782 finished
restaurant 2780 finished
restaurant 2781 finished
restaurant 2807 finished
restaurant 2784 finished
restaurant 2785 finished
restaurant 2779 finished
restaurant 2777 finished
restaurant 2771 finished
restaurant 2770 finished
restaurant 2767 finished
restaurant 2776 finished
restaurant 2769 finished
restaurant 2773 finished
restaurant 2772 finished
restaurant 2775 finished
restaurant 2768 finished
restaurant 2774 finished
restaurant 2765 finished
restaurant 2766 finished
restaurant 2763 finished
restaurant 2762 finished
restaurant 2759 finished
restaurant 2758 finished
restaurant 2764 finished
restaurant 2761 finished
restaurant 2757 finished
restaurant 2760 finished
restaurant 2755 finished
restaurant 2753 finished
restaurant 2750 finished
restaurant 2754 finished
restaurant 2756 finished
restaurant 2746 finished
restaurant 2749 finished
restaurant 2748 finished
restaurant 2747 finished
restaurant 2751 finished
restaurant 2752 finished
restaurant 2744 finished
restaurant 2743 finished
restaurant 2745 finished
restaurant 2741 finished
restaurant 2740 finished
restaurant 2738 finished
restaurant 2739 finished
restaurant 2742 finished
restaurant 2734 finished
restaurant 2733 finished
restaurant 2737 finished
restaurant 2736 finished
restaurant 2732 finished
restaurant 2731 finished
restaurant 2729 finished
restaurant 2727 finished
restaurant 2730 finished
restaurant 2728 finished
restaurant 2726 finished
restaurant 2724 finished
restaurant 2725 finished
restaurant 2723 finished
restaurant 2721 finished
restaurant 2720 finished
restaurant 2722 finished
restaurant 2718 finished
restaurant 2717 finished
restaurant 2719 finished
restaurant 2716 finished
restaurant 2708 finished
restaurant 2711 finished
restaurant 2714 finished
restaurant 2710 finished
restaurant 2709 finished
restaurant 2713 finished
restaurant 2715 finished
restaurant 2712 finished
restaurant 2703 finished
restaurant 2702 finished
restaurant 2705 finished
restaurant 2706 finished
restaurant 2707 finished
restaurant 2704 finished
restaurant 2701 finished
restaurant 2700 finished
restaurant 2699 finished
restaurant 2697 finished
restaurant 2693 finished
restaurant 2698 finished
restaurant 2692 finished
restaurant 2695 finished
restaurant 2691 finished
restaurant 2696 finished
restaurant 2694 finished
restaurant 2689 finished
restaurant 2690 finished
restaurant 2684 finished
restaurant 2685 finished
restaurant 2683 finished
restaurant 2682 finished
restaurant 2686 finished
restaurant 2687 finished
restaurant 2688 finished
restaurant 2679 finished
restaurant 2680 finished
restaurant 2681 finished
restaurant 2674 finished
restaurant 2677 finished
restaurant 2676 finished
restaurant 2678 finished
restaurant 2673 finished
restaurant 2671 finished
restaurant 2672 finished
restaurant 2668 finished
restaurant 2669 finished
restaurant 2675 finished
restaurant 2670 finished
restaurant 2666 finished
restaurant 2664 finished
restaurant 2663 finished
restaurant 2665 finished
restaurant 2658 finished
restaurant 2667 finished
restaurant 2659 finished
restaurant 2656 finished
restaurant 2654 finished
restaurant 2662 finished
restaurant 2661 finished
restaurant 2660 finished
restaurant 2657 finished
restaurant 2653 finished
restaurant 2655 finished
restaurant 2652 finished
restaurant 2646 finished
restaurant 2651 finished
restaurant 2647 finished
restaurant 2645 finished
restaurant 2650 finished
restaurant 2648 finished
restaurant 2649 finished
restaurant 2643 finished
restaurant 2644 finished
restaurant 2641 finished
restaurant 2642 finished
restaurant 2640 finished
restaurant 2639 finished
restaurant 2638 finished
restaurant 2637 finished
restaurant 2636 finished
restaurant 2635 finished
restaurant 2633 finished
restaurant 2634 finished
restaurant 2631 finished
restaurant 2632 finished
restaurant 2629 finished
restaurant 2630 finished
restaurant 2628 finished
restaurant 2627 finished
restaurant 2625 finished
restaurant 2626 finished
restaurant 2623 finished
restaurant 2624 finished
restaurant 2622 finished
restaurant 2616 finished
restaurant 2620 finished
restaurant 2621 finished
restaurant 2619 finished
restaurant 2615 finished
restaurant 2618 finished
restaurant 2617 finished
restaurant 2614 finished
